<?xml version="1.0" encoding="UTF-8"?>
<beans xmlns="http://www.springframework.org/schema/beans"
	xmlns:xsi="http://www.w3.org/2001/XMLSchema-instance"
	xmlns:aop="http://www.springframework.org/schema/aop"
	xmlns:tx="http://www.springframework.org/schema/tx"
	xmlns:context="http://www.springframework.org/schema/context"
	xmlns:jdbc="http://www.springframework.org/schema/jdbc" 
	xsi:schemaLocation="http://www.springframework.org/schema/aop http://www.springframework.org/schema/aop/spring-aop-3.0.xsd
		http://www.springframework.org/schema/beans http://www.springframework.org/schema/beans/spring-beans-3.0.xsd
		http://www.springframework.org/schema/context http://www.springframework.org/schema/context/spring-context-3.0.xsd
		http://www.springframework.org/schema/jdbc http://www.springframework.org/schema/jdbc/spring-jdbc-3.0.xsd
		http://www.springframework.org/schema/tx http://www.springframework.org/schema/tx/spring-tx-3.0.xsd">

	<aop:aspectj-autoproxy/>
	<context:annotation-config/>
	<tx:annotation-driven />
	
	<context:component-scan base-package="com.esl.dao" />
	<context:property-placeholder location="classpath:com/esl/esl-config.properties"/>
	
	<jdbc:embedded-database id="testDataSource" />
	
    <bean id="sessionFactory" class="org.springframework.orm.hibernate3.annotation.AnnotationSessionFactoryBean">
		<property name="dataSource" ref="testDataSource" />
		
		<!-- Turn On for update db schema -->
		<property name="schemaUpdate" value="true" />
		<property name="hibernateProperties">
			<props>
				<prop key="hibernate.dialect">org.hibernate.dialect.HSQLDialect</prop>
				<prop key="hibernate.show_sql">false</prop>
				<prop key="hibernate.format_sql">true</prop>				
			</props>
		</property>
		<property name="mappingDirectoryLocations">
			<list>
				<value>classpath:com/esl/model/hbm</value>
			</list>
		</property>
		<property name="configurationClass" value="org.hibernate.cfg.AnnotationConfiguration" />
		<property name="packagesToScan">
			<list>
				<value>com.esl.entity.dictation</value>
				<value>com.esl.entity.practice</value>
			</list>
		</property>
	</bean>

	<bean id="transactionManager"
		class="org.springframework.orm.hibernate3.HibernateTransactionManager">
		<property name="sessionFactory" ref="sessionFactory" />
		<property name="defaultTimeout" value="30" />
	</bean>   
    
</beans>
